<?xml version="1.0" encoding="UTF-8"?>
<testng-results ignored="0" total="1" passed="1" failed="0" skipped="0">
  <reporter-output>
  </reporter-output>
  <suite started-at="2023-07-25T16:22:39 IST" name="Default suite" finished-at="2023-07-25T16:22:48 IST" duration-ms="9905">
    <groups>
      <group name="Regression">
        <method signature="test5.test5()[pri:0, instance:Appium.Appium_Java.test5@130161f7]" name="test5" class="Appium.Appium_Java.test5"/>
      </group> <!-- Regression -->
    </groups>
    <test started-at="2023-07-25T16:22:39 IST" name="Default test" finished-at="2023-07-25T16:22:48 IST" duration-ms="9905">
      <class name="Appium.Appium_Java.test5">
        <test-method signature="test5()[pri:0, instance:Appium.Appium_Java.test5@130161f7]" started-at="2023-07-25T16:22:39 IST" name="test5" finished-at="2023-07-25T16:22:48 IST" duration-ms="9830" status="PASS">
          <reporter-output>
          </reporter-output>
        </test-method> <!-- test5 -->
      </class> <!-- Appium.Appium_Java.test5 -->
    </test> <!-- Default test -->
  </suite> <!-- Default suite -->
</testng-results>
